<?xml version="1.0" encoding="UTF-8"?>
<!-- Generated by org.testng.reporters.JUnitReportReporter -->
<testsuite hostname="DESKTOP-K6DEKN4" failures="0" tests="1" name="com.testng.SimpleAnnoation" time="0.030" errors="0" timestamp="2022-11-18T22:07:09 IST" skipped="0">
  <testcase classname="com.testng.SimpleAnnoation" name="subMethod6" time="0.030"/>
  <system-out/>
</testsuite> <!-- com.testng.SimpleAnnoation -->
